ğŸ§ª Initializing CVPerfect ETAP 1 Testing Suite...
âœ… Testing environment initialized

ğŸ” TEST 1: Security Fixes Validation
âŒ HTTP Error: 405 http://localhost:3001/api/analyze

ğŸ›¡ï¸ TEST 2: XSS Protection with DOMPurify
âŒ HTTP Error: 500 http://localhost:3001/api/get-session?session_id=test_session_id
âŒ HTTP Error: 404 http://localhost:3001/api/get-session-data?session_id=test_session_id
âŒ HTTP Error: 404 http://localhost:3001/api/get-session-data?session_id=test_session_id
âŒ HTTP Error: 500 http://localhost:3001/api/get-session?session_id=test_session_id
âŒ HTTP Error: 500 http://localhost:3001/api/get-session?session_id=test_session_id
âŒ HTTP Error: 404 http://localhost:3001/api/get-session-data?session_id=test_session_id
âŒ HTTP Error: 500 http://localhost:3001/api/get-session?session_id=test_session_id
âŒ HTTP Error: 404 http://localhost:3001/api/get-session-data?session_id=test_session_id

ğŸ”‘ TEST 3: New Authentication System
âŒ HTTP Error: 403 http://localhost:3001/api/analyze
âŒ HTTP Error: 403 http://localhost:3001/api/analyze
ğŸ” Auth test result: { authTest: false, legitTest: 403 }

ğŸ“¸ TEST 4: Photo Preservation Through Flow
âŒ HTTP Error: 500 http://localhost:3001/api/get-session?session_id=test_photo_session
âŒ HTTP Error: 404 http://localhost:3001/api/get-session-data?session_id=test_photo_session
âŒ HTTP Error: 500 http://localhost:3001/api/get-session?session_id=test_photo_session
âŒ HTTP Error: 404 http://localhost:3001/api/get-session-data?session_id=test_photo_session
âŒ HTTP Error: 404 http://localhost:3001/api/get-session-data?session_id=test_photo_session
âŒ HTTP Error: 500 http://localhost:3001/api/get-session?session_id=test_photo_session
âŒ HTTP Error: 500 http://localhost:3001/api/get-session?session_id=test_photo_session
âŒ HTTP Error: 404 http://localhost:3001/api/get-session-data?session_id=test_photo_session

ğŸ“„ TEST 5: Chunking Strategy for Long CVs
ğŸ“Š Generated test CV: 147060 characters
âŒ HTTP Error: 500 http://localhost:3001/api/get-session?session_id=test_photo_session
âŒ HTTP Error: 404 http://localhost:3001/api/get-session-data?session_id=test_photo_session
âŒ HTTP Error: 500 http://localhost:3001/api/get-session?session_id=test_photo_session
âŒ HTTP Error: 404 http://localhost:3001/api/get-session-data?session_id=test_photo_session

ğŸ”„ TEST 6: Complete End-to-End Flow

ğŸ“± TEST 7: Mobile Responsiveness

âš¡ TEST 8: API Endpoints Performance
âŒ HTTP Error: 500 http://localhost:3001/api/demo-optimize

================================================================================
ğŸ§ª CVPERFECT ETAP 1 - TEST RESULTS SUMMARY
================================================================================
âœ… PASSED: 10
âŒ FAILED: 1
âš ï¸ WARNINGS: 0
â±ï¸ DURATION: 13s
ğŸ“„ REPORT: etap1-test-report-1755888990890.json
================================================================================
âš ï¸ SOME TESTS FAILED - REVIEW REQUIRED BEFORE ETAP 2
